Warning: Tag `USE_WINDOWS_ENCODING' at line 54 of file Doxyfile has become obsolete.
To avoid this warning please update your configuration file using "doxygen -u"
Warning: Tag `MAX_DOT_GRAPH_WIDTH' at line 1038 of file Doxyfile has become obsolete.
To avoid this warning please update your configuration file using "doxygen -u"
Warning: Tag `MAX_DOT_GRAPH_HEIGHT' at line 1046 of file Doxyfile has become obsolete.
To avoid this warning please update your configuration file using "doxygen -u"
Notice: Output directory `../docs/contrib' does not exist. I have created it for you.
Searching for include files...
Searching for example files...
Searching for images...
Searching for dot files...
Searching for files to exclude
Searching for files to process...
Searching for files in directory /data/bruno/cvs/vpat/vart/contrib
Searching for files in directory /data/bruno/cvs/vpat/vart/contrib/source
Reading and parsing tag files
Preprocessing /data/bruno/cvs/vpat/vart/contrib/human.h...
Parsing file /data/bruno/cvs/vpat/vart/contrib/human.h...
Preprocessing /data/bruno/cvs/vpat/vart/contrib/mousecontrol.h...
Parsing file /data/bruno/cvs/vpat/vart/contrib/mousecontrol.h...
Preprocessing /data/bruno/cvs/vpat/vart/contrib/pnmexporter.h...
Parsing file /data/bruno/cvs/vpat/vart/contrib/pnmexporter.h...
Preprocessing /data/bruno/cvs/vpat/vart/contrib/viewerglutogl.h...
Parsing file /data/bruno/cvs/vpat/vart/contrib/viewerglutogl.h...
Preprocessing /data/bruno/cvs/vpat/vart/contrib/source/human.cpp...
Parsing file /data/bruno/cvs/vpat/vart/contrib/source/human.cpp...
Preprocessing /data/bruno/cvs//data/bruno/cvs/vpat/vart/contrib/pnmexporter.h:1: Warning: the name `/home/bruno/data/cvs/vpat/vart/contrib/pnmexporter.h' supplied as the second argument in the \file statement is not an input file
vpat/vart/contrib/source/mousecontrol.cpp...
Parsing file /data/bruno/cvs/vpat/vart/contrib/source/mousecontrol.cpp...
Preprocessing /data/bruno/cvs/vpat/vart/contrib/source/pnmexporter.cpp...
Parsing file /data/bruno/cvs/vpat/vart/contrib/source/pnmexporter.cpp...
Preprocessing /data/bruno/cvs/vpat/vart/contrib/source/viewerglutogl.cpp...
Parsing file /data/bruno/cvs/vpat/vart/contrib/source/viewerglutogl.cpp...
Building group list...
Building directory list...
Building namespace list...
Building file list...
Searching for included using directives...
Building class list...
Associating documentation with classes...
Computing nesting relations for classes...
Searching for members imported via using declarations...
Building example list...
Searching for enumerations...
Searching for documented variables...
Building member list...
Searching for friends...
Searching for documented defines...
Computing class inheritance relations...
Computing class usage relations...
Flushing cached template relations that have b/data/bruno/cvs/vpat/vart/contrib/source/human.cpp:133: Warning: no matching class member found for
  bool VART::Human::LoadFromFile(const string &fileName)
Possible candidates:
  bool VART::Human::LoadFromFile(const std::string &fileName)
/data/bruno/cvs/vpat/vart/contrib/source/viewerglutogl.cpp:114: Warning: no matching class member found for
  void VART::ViewerGlutOGL::SetScene(VART::Scene &scene)
Possible candidates:
  void VART::ViewerGlutOGL::SetScene(Scene &scene)
ecome invalid...
Creating members for template instances...
Computing class relations...
Add enum values to enums...
Searching for member function documentation...
Building page list...
Search for main page...
Computing page relations...
Determining the scope of groups...
Sorting lists...
Freeing entry tree
Determining which enums are documented
Computing member relations...
Building full member lists recursively...
Adding members to member groups.
Computing member references...
Inheriting documentation...
Generating disk names...
Adding source references...
Adding todo/test/bug list items...
Counting data structures...
Resolving user defined references...
Finding anchors and sections in the documentation...
Combining using relations...
Generating style sheet...
Generating index page...
Generating page index...
Generating example documentation...
Generating file sources...
Generating code for file human.cpp...
Generating code for file human.h...
Generating code for file mousecontrol.cpp...
Generating code for file mousecontrol.h...
Generating code for file pnmexporter.cpp...
Generating code for file pnmexporter.h...
Generating code for file viewerglutogl.cpp...
Generating code for file viewerglutogl.h...
Generating file documentation...
Generating docs for file human.cpp...
Generating docs for file human.h...
Generating docs for file mousecontrol.cpp...
Generating docs for file mousecontrol.h...
Generating docs for file pnmexporter.cpp...
Generating docs for file pnmexporter.h...
Generating docs for file viewerglutogl.cpp...
Generating docs for file viewerglutogl.h...
Generating page documentation...
Generating docs for page bug...
Generating group documentation...
Generating group index...
Generating class documentation...
Generating annotated compound index...
Generating hierarchical class index...
Generating member index...
Generating namespace index...
Generating docs for namespace VART
Generating docs for compound VART::Human...
Generating docs for nested compound VART::Human::StepManager...
Generating docs for compound VART::MouseControl...
Generating docs for nested compound VART::MouseControl::ClickHandler...
Generating docs for nested compound VART::MouseControl::DragHandler...
Generating docs for nested compound VART::MouseControl::MotionHandler...
Generating docs for compound VART::PNMExporter...
Generating docs for compound VART::ViewerGlutOGL...
Generating docs for nested compound VART::ViewerGlutOGL::DrawHandler...
Generating docs for nested compound VART::ViewerGlutOGL::IdleHandler...
Generating docs for nested compound VART::ViewerGlutOGL::KbHandler...
Generating namespace member index...
Generating graph info page...
Generating file index...
Generating example index...
Generating file member index...
